<?xml version="1.0" encoding="UTF-8"?>
<!-- Generated by org.testng.reporters.JUnitReportReporter -->
<testsuite hostname="DESKTOP-R3MR9BQ" failures="0" tests="2" name="Tutorial.HomePage" time="24.404" errors="0" timestamp="2021-09-01T01:28:34 ICT" skipped="0">
  <testcase classname="Tutorial.HomePage" name="basePageNavigation" time="3.192"/>
  <system-out/>
  <testcase classname="Tutorial.HomePage" name="basePageNavigation" time="21.212"/>
  <system-out/>
</testsuite> <!-- Tutorial.HomePage -->
