<?xml version="1.0" encoding="UTF-8"?>
<!-- Generated by org.testng.reporters.JUnitReportReporter -->
<testsuite hostname="DESKTOP-R3MR9BQ" failures="0" tests="1" name="Tutorial.Validate" time="0.354" errors="0" timestamp="2021-09-01T01:28:34 ICT" skipped="0">
  <testcase classname="Tutorial.Validate" name="testValidate" time="0.354"/>
  <system-out/>
</testsuite> <!-- Tutorial.Validate -->
