<?xml version="1.0" encoding="UTF-8"?>
<!-- Generated by org.testng.reporters.JUnitReportReporter -->
<testsuite hostname="DESKTOP-R3MR9BQ" failures="0" tests="1" name="resource.ReadExcel" time="0.956" errors="0" timestamp="2021-08-31T10:21:50 ICT" skipped="0">
  <testcase classname="resource.ReadExcel" name="testDataExcel" time="0.956"/>
  <system-out/>
</testsuite> <!-- resource.ReadExcel -->
